\BOOKMARK [1][-]{section.1}{Programs in relation to the OS and the kernel}{}% 1
\BOOKMARK [2][-]{subsection.1.1}{Sub topics}{section.1}% 2
\BOOKMARK [2][-]{subsection.1.2}{Curriculum}{section.1}% 3
\BOOKMARK [2][-]{subsection.1.3}{Exercises}{section.1}% 4
\BOOKMARK [2][-]{subsection.1.4}{Processes and threads}{section.1}% 5
\BOOKMARK [3][-]{subsubsection.1.4.1}{Processes}{subsection.1.4}% 6
\BOOKMARK [3][-]{subsubsection.1.4.2}{Threads}{subsection.1.4}% 7
\BOOKMARK [2][-]{subsection.1.5}{Threading model}{section.1}% 8
\BOOKMARK [3][-]{subsubsection.1.5.1}{User level threading}{subsection.1.5}% 9
\BOOKMARK [3][-]{subsubsection.1.5.2}{Kernel level threading}{subsection.1.5}% 10
\BOOKMARK [3][-]{subsubsection.1.5.3}{Hybrid level threading}{subsection.1.5}% 11
\BOOKMARK [2][-]{subsection.1.6}{Process anatomy}{section.1}% 12
\BOOKMARK [2][-]{subsection.1.7}{Virtual memory}{section.1}% 13
\BOOKMARK [2][-]{subsection.1.8}{Threads being executed on CPU, associated Scheduler and Cache}{section.1}% 14
\BOOKMARK [3][-]{subsubsection.1.8.1}{Cache}{subsection.1.8}% 15
\BOOKMARK [1][-]{section.2}{Synchronization and protection}{}% 16
\BOOKMARK [2][-]{subsection.2.1}{Sub topics}{section.2}% 17
\BOOKMARK [2][-]{subsection.2.2}{Curriculum}{section.2}% 18
\BOOKMARK [2][-]{subsection.2.3}{Exercises}{section.2}% 19
\BOOKMARK [1][-]{section.3}{Thread communication}{}% 20
\BOOKMARK [2][-]{subsection.3.1}{Sub topic}{section.3}% 21
\BOOKMARK [2][-]{subsection.3.2}{Curriculum}{section.3}% 22
\BOOKMARK [2][-]{subsection.3.3}{Exercises}{section.3}% 23
\BOOKMARK [1][-]{section.4}{OS API}{}% 24
\BOOKMARK [2][-]{subsection.4.1}{Sub topics}{section.4}% 25
\BOOKMARK [2][-]{subsection.4.2}{Curriculum}{section.4}% 26
\BOOKMARK [2][-]{subsection.4.3}{Exercises}{section.4}% 27
\BOOKMARK [1][-]{section.5}{Message Distribution System \(MDS\)}{}% 28
\BOOKMARK [2][-]{subsection.5.1}{Sub topics}{section.5}% 29
\BOOKMARK [2][-]{subsection.5.2}{Curriculum}{section.5}% 30
\BOOKMARK [2][-]{subsection.5.3}{Exercises}{section.5}% 31
\BOOKMARK [1][-]{section.6}{Resource handling}{}% 32
\BOOKMARK [2][-]{subsection.6.1}{Sub topics}{section.6}% 33
\BOOKMARK [2][-]{subsection.6.2}{Curriculum}{section.6}% 34
\BOOKMARK [2][-]{subsection.6.3}{Exercises}{section.6}% 35
